<?xml version="1.0" encoding="utf-8"?><testsuites name="pytest tests"><testsuite name="pytest" errors="0" failures="0" skipped="0" tests="9" time="1.261" timestamp="2026-09-25T17:54:26.356623+00:00" hostname="agent-env-9384a3a3-53c0-45ad-871e-f078d2054ac7"><testcase classname="backend.tests.test_billing.TestPlans" name="test_plans_no_auth" time="0.003" /><testcase classname="backend.tests.test_billing.TestSubscriptionAuth" name="test_start_trial_requires_bearer" time="0.002" /><testcase classname="backend.tests.test_billing.TestSubscriptionTrial" name="test_start_trial_starter" time="1.068" /><testcase classname="backend.tests.test_billing.TestSubscriptionTrial" name="test_get_subscription_returns_trialing" time="0.004" /><testcase classname="backend.tests.test_billing.TestWebhookLifecycle" name="test_past_due_and_idempotent" time="0.028" /><testcase classname="backend.tests.test_billing.TestWebhookLifecycle" name="test_active_recovery" time="0.018" /><testcase classname="backend.tests.test_billing.TestWebhookLifecycle" name="test_canceled" time="0.018" /><testcase classname="backend.tests.test_billing.TestWebhookLifecycle" name="test_unknown_customer_is_200_and_noop" time="0.018" /><testcase classname="backend.tests.test_billing.TestWebhookLifecycle" name="test_bad_signature_400" time="0.002" /></testsuite></testsuites>